0 info it worked if it ends with ok
1 verbose cli [ '/Users/stanley/.nvm/versions/node/v4.1.1/bin/node',
1 verbose cli   '/Users/stanley/.nvm/versions/node/v4.1.1/bin/npm',
1 verbose cli   'publish' ]
2 info using npm@2.14.4
3 info using node@v4.1.1
4 verbose publish [ '.' ]
5 silly cache add args [ '.', null ]
6 verbose cache add spec .
7 silly cache add parsed spec Result {
7 silly cache add   raw: '.',
7 silly cache add   scope: null,
7 silly cache add   name: null,
7 silly cache add   rawSpec: '.',
7 silly cache add   spec: '/Users/stanley/Desktop/hippy',
7 silly cache add   type: 'directory' }
8 verbose addLocalDirectory /Users/stanley/.npm/hippy/0.0.3/package.tgz not in flight; packing
9 verbose tar pack [ '/Users/stanley/.npm/hippy/0.0.3/package.tgz',
9 verbose tar pack   '/Users/stanley/Desktop/hippy' ]
10 verbose tarball /Users/stanley/.npm/hippy/0.0.3/package.tgz
11 verbose folder /Users/stanley/Desktop/hippy
12 info prepublish hippy@0.0.3
13 verbose addLocalTarball adding from inside cache /Users/stanley/.npm/hippy/0.0.3/package.tgz
14 silly cache afterAdd hippy@0.0.3
15 verbose afterAdd /Users/stanley/.npm/hippy/0.0.3/package/package.json not in flight; writing
16 verbose afterAdd /Users/stanley/.npm/hippy/0.0.3/package/package.json written
17 silly publish { name: 'hippy',
17 silly publish   version: '0.0.3',
17 silly publish   description: 'A ReactJS Generator',
17 silly publish   main: 'index.js',
17 silly publish   scripts: { test: 'mocha --compilers js:babel/register' },
17 silly publish   repository:
17 silly publish    { type: 'git',
17 silly publish      url: 'git+https://github.com/stanleycyang/hippy.git' },
17 silly publish   keywords: [ 'template', 'generator' ],
17 silly publish   author: { name: 'Stanley Yang' },
17 silly publish   license: 'MIT',
17 silly publish   bugs: { url: 'https://github.com/stanleycyang/hippy/issues' },
17 silly publish   bin: { hippy: './bin/hippy' },
17 silly publish   engines: { node: '>=0.10' },
17 silly publish   files: [ 'LICENSE', 'bin/', 'templates/' ],
17 silly publish   homepage: 'https://github.com/stanleycyang/hippy#readme',
17 silly publish   dependencies:
17 silly publish    { commander: '^2.8.1',
17 silly publish      mkdirp: '^0.5.1',
17 silly publish      'sorted-object': '^1.0.0' },
17 silly publish   devDependencies:
17 silly publish    { babel: '^5.8.23',
17 silly publish      chai: '^3.2.0',
17 silly publish      mocha: '^2.3.0',
17 silly publish      rimraf: '^2.4.3',
17 silly publish      supertest: '^1.1.0' },
17 silly publish   readme: '#Hippy\n\n[Hippy](https://www.npmjs.com/package/hippy) is a beautifully simplistic generator for ReactJS.\n\n\n[![NPM Version][npm-image]][npm-url][![NPM Downloads][downloads-image]][downloads-url][![Linux Build][travis-image]][travis-url]\n\n## Installation\n\n```sh\n$ npm install -g hippy\n```\n\n## Philosophy\n\n`ReactJS` should be easy to use in any type of frontend environment. \n\n## Goal\n\n**Hippy**\'s goal is to make using `ReactJS` as productive and enjoyable as possible.\n\n## Features\n\n- Component generator\n- High test coverage\n- Quick and easy to learn CLI commands\n\n## Usage\n\nTo generate ReactJS Components:\n\n```bash\n$ hippy g SampleComponent\n```\n\nTo generate multiple ReactJS Components:\n\n```bash\n$ hippy g one two three\n```\n\n## License\n[MIT](LICENSE)\n\n[npm-image]: https://img.shields.io/npm/v/hippy.svg\n[npm-url]: https://www.npmjs.com/package/hippy\n[downloads-image]: https://img.shields.io/npm/dm/hippy.svg\n[downloads-url]: https://www.npmjs.com/package/hippy\n[travis-image]: https://travis-ci.org/stanleycyang/hippy.svg?branch=master\n[travis-url]: https://travis-ci.org/stanleycyang/hippy\n\n',
17 silly publish   readmeFilename: 'README.md',
17 silly publish   gitHead: '33e4e9eafd51278ee310e9e201ad4f20d4160e84',
17 silly publish   _id: 'hippy@0.0.3',
17 silly publish   _shasum: 'e0224b6c31da4516708f0809310fd3237aea5529',
17 silly publish   _from: '.' }
18 verbose getPublishConfig undefined
19 silly mapToRegistry name hippy
20 silly mapToRegistry using default registry
21 silly mapToRegistry registry https://registry.npmjs.org/
22 silly mapToRegistry uri https://registry.npmjs.org/hippy
23 verbose publish registryBase https://registry.npmjs.org/
24 silly publish uploading /Users/stanley/.npm/hippy/0.0.3/package.tgz
25 verbose request uri https://registry.npmjs.org/hippy
26 verbose request sending authorization for write operation
27 info attempt registry request try #1 at 12:31:56 AM
28 verbose request using bearer token for auth
29 verbose request id 950f06b86c044e7b
30 http request PUT https://registry.npmjs.org/hippy
31 http 403 https://registry.npmjs.org/hippy
32 verbose headers { 'content-type': 'application/json',
32 verbose headers   'cache-control': 'max-age=60',
32 verbose headers   'content-length': '95',
32 verbose headers   'accept-ranges': 'bytes',
32 verbose headers   date: 'Wed, 14 Oct 2015 07:31:55 GMT',
32 verbose headers   via: '1.1 varnish',
32 verbose headers   connection: 'keep-alive',
32 verbose headers   'x-served-by': 'cache-lax1435-LAX',
32 verbose headers   'x-cache': 'MISS',
32 verbose headers   'x-cache-hits': '0',
32 verbose headers   'x-timer': 'S1444807915.689958,VS0,VE174' }
33 verbose request invalidating /Users/stanley/.npm/registry.npmjs.org/hippy on PUT
34 error publish Failed PUT 403
35 verbose stack Error: "You cannot publish over the previously published version 0.0.3." : hippy
35 verbose stack     at makeError (/Users/stanley/.nvm/versions/node/v4.1.1/lib/node_modules/npm/node_modules/npm-registry-client/lib/request.js:263:12)
35 verbose stack     at CachingRegistryClient.<anonymous> (/Users/stanley/.nvm/versions/node/v4.1.1/lib/node_modules/npm/node_modules/npm-registry-client/lib/request.js:251:14)
35 verbose stack     at Request._callback (/Users/stanley/.nvm/versions/node/v4.1.1/lib/node_modules/npm/node_modules/npm-registry-client/lib/request.js:171:14)
35 verbose stack     at Request.self.callback (/Users/stanley/.nvm/versions/node/v4.1.1/lib/node_modules/npm/node_modules/request/request.js:198:22)
35 verbose stack     at emitTwo (events.js:87:13)
35 verbose stack     at Request.emit (events.js:172:7)
35 verbose stack     at Request.<anonymous> (/Users/stanley/.nvm/versions/node/v4.1.1/lib/node_modules/npm/node_modules/request/request.js:1073:14)
35 verbose stack     at emitOne (events.js:82:20)
35 verbose stack     at Request.emit (events.js:169:7)
35 verbose stack     at IncomingMessage.<anonymous> (/Users/stanley/.nvm/versions/node/v4.1.1/lib/node_modules/npm/node_modules/request/request.js:1019:12)
36 verbose statusCode 403
37 verbose pkgid hippy
38 verbose cwd /Users/stanley/Desktop/hippy
39 error Darwin 15.0.0
40 error argv "/Users/stanley/.nvm/versions/node/v4.1.1/bin/node" "/Users/stanley/.nvm/versions/node/v4.1.1/bin/npm" "publish"
41 error node v4.1.1
42 error npm  v2.14.4
43 error code E403
44 error "You cannot publish over the previously published version 0.0.3." : hippy
45 error If you need help, you may report this error at:
45 error     <https://github.com/npm/npm/issues>
46 verbose exit [ 1, true ]
